[02-Jul-2022 10:54:00 Asia/Tokyo] PHP Notice:  Only variables should be passed by reference in /var/www/html/user/action/register.php on line 16
[02-Jul-2022 10:54:00 Asia/Tokyo] PHP Notice:  Only variables should be passed by reference in /var/www/html/user/action/register.php on line 17
[02-Jul-2022 10:54:00 Asia/Tokyo] PHP Notice:  Only variables should be passed by reference in /var/www/html/user/action/register.php on line 18
[02-Jul-2022 10:56:33 Asia/Tokyo] PHP Notice:  Only variables should be passed by reference in /var/www/html/user/action/register.php on line 16
[02-Jul-2022 10:56:33 Asia/Tokyo] PHP Notice:  Only variables should be passed by reference in /var/www/html/user/action/register.php on line 17
[02-Jul-2022 10:56:33 Asia/Tokyo] PHP Notice:  Only variables should be passed by reference in /var/www/html/user/action/register.php on line 18
[02-Jul-2022 14:11:41 Asia/Tokyo] PHP Notice:  Only variables should be passed by reference in /var/www/html/user/action/register.php on line 49
[02-Jul-2022 14:11:41 Asia/Tokyo] PHP Notice:  Only variables should be passed by reference in /var/www/html/user/action/register.php on line 50
[02-Jul-2022 14:11:41 Asia/Tokyo] PHP Notice:  Only variables should be passed by reference in /var/www/html/user/action/register.php on line 51
[02-Jul-2022 14:13:34 Asia/Tokyo] PHP Notice:  Only variables should be passed by reference in /var/www/html/user/action/register.php on line 49
[02-Jul-2022 14:13:34 Asia/Tokyo] PHP Notice:  Only variables should be passed by reference in /var/www/html/user/action/register.php on line 50
[02-Jul-2022 14:13:34 Asia/Tokyo] PHP Notice:  Only variables should be passed by reference in /var/www/html/user/action/register.php on line 51
[02-Jul-2022 17:16:13 Asia/Tokyo] PHP Notice:  Undefined variable: _SESSION in /var/www/html/common/auth.php on line 3
[03-Jul-2022 13:56:04 Asia/Tokyo] PHP Notice:  session_start(): A session had already been started - ignoring in /var/www/html/common/auth.php on line 4
[03-Jul-2022 13:56:05 Asia/Tokyo] PHP Notice:  session_start(): A session had already been started - ignoring in /var/www/html/common/auth.php on line 4
[16-Jul-2022 08:34:59 Asia/Tokyo] PHP Notice:  Undefined variable: edit_title in /var/www/html/memo/index.php on line 35
[16-Jul-2022 08:34:59 Asia/Tokyo] PHP Notice:  Undefined variable: edit_content in /var/www/html/memo/index.php on line 35
[16-Jul-2022 08:34:59 Asia/Tokyo] PHP Notice:  Undefined variable: edit_title in /var/www/html/memo/index.php on line 35
[16-Jul-2022 08:34:59 Asia/Tokyo] PHP Notice:  Undefined variable: edit_content in /var/www/html/memo/index.php on line 35
[16-Jul-2022 08:37:04 Asia/Tokyo] PHP Notice:  Undefined variable: edit_title in /var/www/html/memo/index.php on line 35
[16-Jul-2022 08:37:04 Asia/Tokyo] PHP Notice:  Undefined variable: edit_content in /var/www/html/memo/index.php on line 35
[16-Jul-2022 08:37:04 Asia/Tokyo] PHP Notice:  Undefined variable: edit_title in /var/www/html/memo/index.php on line 35
[16-Jul-2022 08:37:04 Asia/Tokyo] PHP Notice:  Undefined variable: edit_content in /var/www/html/memo/index.php on line 35
[16-Jul-2022 08:53:00 Asia/Tokyo] PHP Notice:  Undefined index: updated_at in /var/www/html/memo/index.php on line 68
[16-Jul-2022 08:53:00 Asia/Tokyo] PHP Notice:  Undefined index: updated_at in /var/www/html/memo/index.php on line 68
[16-Jul-2022 08:53:00 Asia/Tokyo] PHP Notice:  Undefined index: updated_at in /var/www/html/memo/index.php on line 68
[16-Jul-2022 08:53:00 Asia/Tokyo] PHP Notice:  Undefined index: updated_at in /var/www/html/memo/index.php on line 68
[16-Jul-2022 08:57:53 Asia/Tokyo] PHP Notice:  Undefined index: updated_at in /var/www/html/memo/index.php on line 68
[16-Jul-2022 08:57:53 Asia/Tokyo] PHP Notice:  Undefined index: updated_at in /var/www/html/memo/index.php on line 68
[16-Jul-2022 08:57:53 Asia/Tokyo] PHP Notice:  Undefined index: updated_at in /var/www/html/memo/index.php on line 68
[16-Jul-2022 08:57:53 Asia/Tokyo] PHP Notice:  Undefined index: updated_at in /var/www/html/memo/index.php on line 68
[16-Jul-2022 08:58:05 Asia/Tokyo] PHP Notice:  Undefined index: updated_at in /var/www/html/memo/index.php on line 68
[16-Jul-2022 08:58:05 Asia/Tokyo] PHP Notice:  Undefined index: updated_at in /var/www/html/memo/index.php on line 68
[16-Jul-2022 08:58:05 Asia/Tokyo] PHP Notice:  Undefined index: updated_at in /var/www/html/memo/index.php on line 68
[16-Jul-2022 08:58:05 Asia/Tokyo] PHP Notice:  Undefined index: updated_at in /var/www/html/memo/index.php on line 68
[16-Jul-2022 09:01:58 Asia/Tokyo] PHP Notice:  Undefined index: updated_at in /var/www/html/memo/index.php on line 72
[16-Jul-2022 09:01:58 Asia/Tokyo] PHP Notice:  Undefined index: updated_at in /var/www/html/memo/index.php on line 72
[16-Jul-2022 09:01:59 Asia/Tokyo] PHP Notice:  Undefined index: updated_at in /var/www/html/memo/index.php on line 72
[16-Jul-2022 09:01:59 Asia/Tokyo] PHP Notice:  Undefined index: updated_at in /var/www/html/memo/index.php on line 72
[16-Jul-2022 09:03:49 Asia/Tokyo] PHP Notice:  Undefined index: updated_at in /var/www/html/memo/index.php on line 72
[16-Jul-2022 09:03:49 Asia/Tokyo] PHP Notice:  Undefined index: updated_at in /var/www/html/memo/index.php on line 72
[16-Jul-2022 09:03:49 Asia/Tokyo] PHP Notice:  Undefined index: updated_at in /var/www/html/memo/index.php on line 72
[16-Jul-2022 09:03:49 Asia/Tokyo] PHP Notice:  Undefined index: updated_at in /var/www/html/memo/index.php on line 72
[16-Jul-2022 09:03:52 Asia/Tokyo] PHP Notice:  Undefined index: updated_at in /var/www/html/memo/index.php on line 72
[16-Jul-2022 09:03:52 Asia/Tokyo] PHP Notice:  Undefined index: updated_at in /var/www/html/memo/index.php on line 72
[16-Jul-2022 09:03:54 Asia/Tokyo] PHP Notice:  Undefined index: updated_at in /var/www/html/memo/index.php on line 72
[16-Jul-2022 09:03:54 Asia/Tokyo] PHP Notice:  Undefined index: updated_at in /var/www/html/memo/index.php on line 72
[16-Jul-2022 09:03:54 Asia/Tokyo] PHP Notice:  Undefined index: updated_at in /var/www/html/memo/index.php on line 72
[16-Jul-2022 09:03:54 Asia/Tokyo] PHP Notice:  Undefined index: updated_at in /var/www/html/memo/index.php on line 72
[16-Jul-2022 09:50:20 Asia/Tokyo] PHP Parse error:  syntax error, unexpected end of file in /var/www/html/memo/index.php on line 107
[16-Jul-2022 09:50:20 Asia/Tokyo] PHP Parse error:  syntax error, unexpected end of file in /var/www/html/memo/index.php on line 107
[16-Jul-2022 09:52:14 Asia/Tokyo] PHP Parse error:  syntax error, unexpected end of file in /var/www/html/memo/index.php on line 101
[16-Jul-2022 09:52:14 Asia/Tokyo] PHP Parse error:  syntax error, unexpected end of file in /var/www/html/memo/index.php on line 101
[16-Jul-2022 09:56:51 Asia/Tokyo] PHP Notice:  Undefined variable: memo in /var/www/html/memo/action/select.php on line 22
[16-Jul-2022 09:56:51 Asia/Tokyo] PHP Notice:  Trying to access array offset on value of type null in /var/www/html/memo/action/select.php on line 22
[16-Jul-2022 09:56:51 Asia/Tokyo] PHP Notice:  Undefined variable: memo in /var/www/html/memo/action/select.php on line 23
[16-Jul-2022 09:56:51 Asia/Tokyo] PHP Notice:  Trying to access array offset on value of type null in /var/www/html/memo/action/select.php on line 23
[16-Jul-2022 09:56:51 Asia/Tokyo] PHP Notice:  Undefined variable: memo in /var/www/html/memo/action/select.php on line 24
[16-Jul-2022 09:56:51 Asia/Tokyo] PHP Notice:  Trying to access array offset on value of type null in /var/www/html/memo/action/select.php on line 24
[16-Jul-2022 09:56:54 Asia/Tokyo] PHP Notice:  Undefined variable: memo in /var/www/html/memo/action/select.php on line 22
[16-Jul-2022 09:56:54 Asia/Tokyo] PHP Notice:  Trying to access array offset on value of type null in /var/www/html/memo/action/select.php on line 22
[16-Jul-2022 09:56:54 Asia/Tokyo] PHP Notice:  Undefined variable: memo in /var/www/html/memo/action/select.php on line 23
[16-Jul-2022 09:56:54 Asia/Tokyo] PHP Notice:  Trying to access array offset on value of type null in /var/www/html/memo/action/select.php on line 23
[16-Jul-2022 09:56:54 Asia/Tokyo] PHP Notice:  Undefined variable: memo in /var/www/html/memo/action/select.php on line 24
[16-Jul-2022 09:56:54 Asia/Tokyo] PHP Notice:  Trying to access array offset on value of type null in /var/www/html/memo/action/select.php on line 24
[16-Jul-2022 09:57:53 Asia/Tokyo] PHP Notice:  Undefined variable: memo in /var/www/html/memo/action/select.php on line 22
[16-Jul-2022 09:57:53 Asia/Tokyo] PHP Notice:  Trying to access array offset on value of type null in /var/www/html/memo/action/select.php on line 22
[16-Jul-2022 09:57:53 Asia/Tokyo] PHP Notice:  Undefined variable: memo in /var/www/html/memo/action/select.php on line 23
[16-Jul-2022 09:57:53 Asia/Tokyo] PHP Notice:  Trying to access array offset on value of type null in /var/www/html/memo/action/select.php on line 23
[16-Jul-2022 09:57:53 Asia/Tokyo] PHP Notice:  Undefined variable: memo in /var/www/html/memo/action/select.php on line 24
[16-Jul-2022 09:57:53 Asia/Tokyo] PHP Notice:  Trying to access array offset on value of type null in /var/www/html/memo/action/select.php on line 24
[16-Jul-2022 09:57:55 Asia/Tokyo] PHP Notice:  Undefined variable: memo in /var/www/html/memo/action/select.php on line 22
[16-Jul-2022 09:57:55 Asia/Tokyo] PHP Notice:  Trying to access array offset on value of type null in /var/www/html/memo/action/select.php on line 22
[16-Jul-2022 09:57:55 Asia/Tokyo] PHP Notice:  Undefined variable: memo in /var/www/html/memo/action/select.php on line 23
[16-Jul-2022 09:57:55 Asia/Tokyo] PHP Notice:  Trying to access array offset on value of type null in /var/www/html/memo/action/select.php on line 23
[16-Jul-2022 09:57:55 Asia/Tokyo] PHP Notice:  Undefined variable: memo in /var/www/html/memo/action/select.php on line 24
[16-Jul-2022 09:57:55 Asia/Tokyo] PHP Notice:  Trying to access array offset on value of type null in /var/www/html/memo/action/select.php on line 24
[16-Jul-2022 09:57:57 Asia/Tokyo] PHP Notice:  Undefined variable: memo in /var/www/html/memo/action/select.php on line 22
[16-Jul-2022 09:57:57 Asia/Tokyo] PHP Notice:  Trying to access array offset on value of type null in /var/www/html/memo/action/select.php on line 22
[16-Jul-2022 09:57:57 Asia/Tokyo] PHP Notice:  Undefined variable: memo in /var/www/html/memo/action/select.php on line 23
[16-Jul-2022 09:57:57 Asia/Tokyo] PHP Notice:  Trying to access array offset on value of type null in /var/www/html/memo/action/select.php on line 23
[16-Jul-2022 09:57:57 Asia/Tokyo] PHP Notice:  Undefined variable: memo in /var/www/html/memo/action/select.php on line 24
[16-Jul-2022 09:57:57 Asia/Tokyo] PHP Notice:  Trying to access array offset on value of type null in /var/www/html/memo/action/select.php on line 24
[16-Jul-2022 09:57:59 Asia/Tokyo] PHP Notice:  Undefined variable: memo in /var/www/html/memo/action/select.php on line 22
[16-Jul-2022 09:57:59 Asia/Tokyo] PHP Notice:  Trying to access array offset on value of type null in /var/www/html/memo/action/select.php on line 22
[16-Jul-2022 09:57:59 Asia/Tokyo] PHP Notice:  Undefined variable: memo in /var/www/html/memo/action/select.php on line 23
[16-Jul-2022 09:57:59 Asia/Tokyo] PHP Notice:  Trying to access array offset on value of type null in /var/www/html/memo/action/select.php on line 23
[16-Jul-2022 09:57:59 Asia/Tokyo] PHP Notice:  Undefined variable: memo in /var/www/html/memo/action/select.php on line 24
[16-Jul-2022 09:57:59 Asia/Tokyo] PHP Notice:  Trying to access array offset on value of type null in /var/www/html/memo/action/select.php on line 24
[16-Jul-2022 09:58:02 Asia/Tokyo] PHP Notice:  Undefined variable: memo in /var/www/html/memo/action/select.php on line 22
[16-Jul-2022 09:58:02 Asia/Tokyo] PHP Notice:  Trying to access array offset on value of type null in /var/www/html/memo/action/select.php on line 22
[16-Jul-2022 09:58:02 Asia/Tokyo] PHP Notice:  Undefined variable: memo in /var/www/html/memo/action/select.php on line 23
[16-Jul-2022 09:58:02 Asia/Tokyo] PHP Notice:  Trying to access array offset on value of type null in /var/www/html/memo/action/select.php on line 23
[16-Jul-2022 09:58:02 Asia/Tokyo] PHP Notice:  Undefined variable: memo in /var/www/html/memo/action/select.php on line 24
[16-Jul-2022 09:58:02 Asia/Tokyo] PHP Notice:  Trying to access array offset on value of type null in /var/www/html/memo/action/select.php on line 24
[16-Jul-2022 09:58:02 Asia/Tokyo] PHP Notice:  Undefined variable: memo in /var/www/html/memo/action/select.php on line 22
[16-Jul-2022 09:58:02 Asia/Tokyo] PHP Notice:  Trying to access array offset on value of type null in /var/www/html/memo/action/select.php on line 22
[16-Jul-2022 09:58:02 Asia/Tokyo] PHP Notice:  Undefined variable: memo in /var/www/html/memo/action/select.php on line 23
[16-Jul-2022 09:58:02 Asia/Tokyo] PHP Notice:  Trying to access array offset on value of type null in /var/www/html/memo/action/select.php on line 23
[16-Jul-2022 09:58:02 Asia/Tokyo] PHP Notice:  Undefined variable: memo in /var/www/html/memo/action/select.php on line 24
[16-Jul-2022 09:58:02 Asia/Tokyo] PHP Notice:  Trying to access array offset on value of type null in /var/www/html/memo/action/select.php on line 24
[16-Jul-2022 09:58:47 Asia/Tokyo] PHP Notice:  Undefined variable: memo in /var/www/html/memo/action/select.php on line 22
[16-Jul-2022 09:58:47 Asia/Tokyo] PHP Notice:  Trying to access array offset on value of type null in /var/www/html/memo/action/select.php on line 22
[16-Jul-2022 09:58:47 Asia/Tokyo] PHP Notice:  Undefined variable: memo in /var/www/html/memo/action/select.php on line 23
[16-Jul-2022 09:58:47 Asia/Tokyo] PHP Notice:  Trying to access array offset on value of type null in /var/www/html/memo/action/select.php on line 23
[16-Jul-2022 09:58:47 Asia/Tokyo] PHP Notice:  Undefined variable: memo in /var/www/html/memo/action/select.php on line 24
[16-Jul-2022 09:58:47 Asia/Tokyo] PHP Notice:  Trying to access array offset on value of type null in /var/www/html/memo/action/select.php on line 24
[16-Jul-2022 09:58:49 Asia/Tokyo] PHP Notice:  Undefined variable: memo in /var/www/html/memo/action/select.php on line 22
[16-Jul-2022 09:58:49 Asia/Tokyo] PHP Notice:  Trying to access array offset on value of type null in /var/www/html/memo/action/select.php on line 22
[16-Jul-2022 09:58:49 Asia/Tokyo] PHP Notice:  Undefined variable: memo in /var/www/html/memo/action/select.php on line 23
[16-Jul-2022 09:58:49 Asia/Tokyo] PHP Notice:  Trying to access array offset on value of type null in /var/www/html/memo/action/select.php on line 23
[16-Jul-2022 09:58:49 Asia/Tokyo] PHP Notice:  Undefined variable: memo in /var/www/html/memo/action/select.php on line 24
[16-Jul-2022 09:58:49 Asia/Tokyo] PHP Notice:  Trying to access array offset on value of type null in /var/www/html/memo/action/select.php on line 24
[16-Jul-2022 10:00:33 Asia/Tokyo] PHP Notice:  Undefined variable: memo in /var/www/html/memo/action/select.php on line 22
[16-Jul-2022 10:00:33 Asia/Tokyo] PHP Notice:  Trying to access array offset on value of type null in /var/www/html/memo/action/select.php on line 22
[16-Jul-2022 10:00:33 Asia/Tokyo] PHP Notice:  Undefined variable: memo in /var/www/html/memo/action/select.php on line 23
[16-Jul-2022 10:00:33 Asia/Tokyo] PHP Notice:  Trying to access array offset on value of type null in /var/www/html/memo/action/select.php on line 23
[16-Jul-2022 10:00:33 Asia/Tokyo] PHP Notice:  Undefined variable: memo in /var/www/html/memo/action/select.php on line 24
[16-Jul-2022 10:00:33 Asia/Tokyo] PHP Notice:  Trying to access array offset on value of type null in /var/www/html/memo/action/select.php on line 24
[16-Jul-2022 10:01:44 Asia/Tokyo] PHP Notice:  Trying to access array offset on value of type bool in /var/www/html/memo/action/select.php on line 22
[16-Jul-2022 10:01:44 Asia/Tokyo] PHP Notice:  Trying to access array offset on value of type bool in /var/www/html/memo/action/select.php on line 23
[16-Jul-2022 10:01:44 Asia/Tokyo] PHP Notice:  Trying to access array offset on value of type bool in /var/www/html/memo/action/select.php on line 24
[16-Jul-2022 10:01:47 Asia/Tokyo] PHP Notice:  Trying to access array offset on value of type bool in /var/www/html/memo/action/select.php on line 22
[16-Jul-2022 10:01:47 Asia/Tokyo] PHP Notice:  Trying to access array offset on value of type bool in /var/www/html/memo/action/select.php on line 23
[16-Jul-2022 10:01:47 Asia/Tokyo] PHP Notice:  Trying to access array offset on value of type bool in /var/www/html/memo/action/select.php on line 24
[16-Jul-2022 10:02:01 Asia/Tokyo] PHP Notice:  Trying to access array offset on value of type bool in /var/www/html/memo/action/select.php on line 22
[16-Jul-2022 10:02:01 Asia/Tokyo] PHP Notice:  Trying to access array offset on value of type bool in /var/www/html/memo/action/select.php on line 23
[16-Jul-2022 10:02:01 Asia/Tokyo] PHP Notice:  Trying to access array offset on value of type bool in /var/www/html/memo/action/select.php on line 24
[16-Jul-2022 10:02:05 Asia/Tokyo] PHP Notice:  Trying to access array offset on value of type bool in /var/www/html/memo/action/select.php on line 22
[16-Jul-2022 10:02:05 Asia/Tokyo] PHP Notice:  Trying to access array offset on value of type bool in /var/www/html/memo/action/select.php on line 23
[16-Jul-2022 10:02:05 Asia/Tokyo] PHP Notice:  Trying to access array offset on value of type bool in /var/www/html/memo/action/select.php on line 24
[16-Jul-2022 10:02:06 Asia/Tokyo] PHP Notice:  Trying to access array offset on value of type bool in /var/www/html/memo/action/select.php on line 22
[16-Jul-2022 10:02:06 Asia/Tokyo] PHP Notice:  Trying to access array offset on value of type bool in /var/www/html/memo/action/select.php on line 23
[16-Jul-2022 10:02:06 Asia/Tokyo] PHP Notice:  Trying to access array offset on value of type bool in /var/www/html/memo/action/select.php on line 24
[16-Jul-2022 10:02:31 Asia/Tokyo] PHP Notice:  Trying to access array offset on value of type bool in /var/www/html/memo/action/select.php on line 22
[16-Jul-2022 10:02:31 Asia/Tokyo] PHP Notice:  Trying to access array offset on value of type bool in /var/www/html/memo/action/select.php on line 23
[16-Jul-2022 10:02:31 Asia/Tokyo] PHP Notice:  Trying to access array offset on value of type bool in /var/www/html/memo/action/select.php on line 24
[16-Jul-2022 10:03:07 Asia/Tokyo] PHP Notice:  Trying to access array offset on value of type bool in /var/www/html/memo/action/select.php on line 22
[16-Jul-2022 10:03:07 Asia/Tokyo] PHP Notice:  Trying to access array offset on value of type bool in /var/www/html/memo/action/select.php on line 23
[16-Jul-2022 10:03:07 Asia/Tokyo] PHP Notice:  Trying to access array offset on value of type bool in /var/www/html/memo/action/select.php on line 24
[16-Jul-2022 10:03:21 Asia/Tokyo] PHP Notice:  Trying to access array offset on value of type bool in /var/www/html/memo/action/select.php on line 22
[16-Jul-2022 10:03:21 Asia/Tokyo] PHP Notice:  Trying to access array offset on value of type bool in /var/www/html/memo/action/select.php on line 23
[16-Jul-2022 10:03:21 Asia/Tokyo] PHP Notice:  Trying to access array offset on value of type bool in /var/www/html/memo/action/select.php on line 24
[16-Jul-2022 10:03:29 Asia/Tokyo] PHP Notice:  Trying to access array offset on value of type bool in /var/www/html/memo/action/select.php on line 22
[16-Jul-2022 10:03:29 Asia/Tokyo] PHP Notice:  Trying to access array offset on value of type bool in /var/www/html/memo/action/select.php on line 23
[16-Jul-2022 10:03:29 Asia/Tokyo] PHP Notice:  Trying to access array offset on value of type bool in /var/www/html/memo/action/select.php on line 24
[16-Jul-2022 10:03:31 Asia/Tokyo] PHP Notice:  Trying to access array offset on value of type bool in /var/www/html/memo/action/select.php on line 22
[16-Jul-2022 10:03:31 Asia/Tokyo] PHP Notice:  Trying to access array offset on value of type bool in /var/www/html/memo/action/select.php on line 23
[16-Jul-2022 10:03:31 Asia/Tokyo] PHP Notice:  Trying to access array offset on value of type bool in /var/www/html/memo/action/select.php on line 24
[16-Jul-2022 10:26:08 Asia/Tokyo] PHP Notice:  Only variables should be passed by reference in /var/www/html/memo/action/update.php on line 20
[16-Jul-2022 10:26:08 Asia/Tokyo] PHP Notice:  Only variables should be passed by reference in /var/www/html/memo/action/update.php on line 21
[16-Jul-2022 10:27:20 Asia/Tokyo] PHP Notice:  Only variables should be passed by reference in /var/www/html/memo/action/update.php on line 20
[16-Jul-2022 10:27:20 Asia/Tokyo] PHP Notice:  Only variables should be passed by reference in /var/www/html/memo/action/update.php on line 21
[16-Jul-2022 10:30:51 Asia/Tokyo] PHP Notice:  Only variables should be passed by reference in /var/www/html/memo/action/update.php on line 20
[16-Jul-2022 10:30:51 Asia/Tokyo] PHP Notice:  Only variables should be passed by reference in /var/www/html/memo/action/update.php on line 21
[16-Jul-2022 10:32:39 Asia/Tokyo] PHP Notice:  Only variables should be passed by reference in /var/www/html/memo/action/update.php on line 20
[16-Jul-2022 10:32:39 Asia/Tokyo] PHP Notice:  Only variables should be passed by reference in /var/www/html/memo/action/update.php on line 21
[16-Jul-2022 10:35:23 Asia/Tokyo] PHP Notice:  Only variables should be passed by reference in /var/www/html/memo/action/update.php on line 20
[16-Jul-2022 10:35:23 Asia/Tokyo] PHP Notice:  Only variables should be passed by reference in /var/www/html/memo/action/update.php on line 21
[16-Jul-2022 10:35:37 Asia/Tokyo] PHP Notice:  Only variables should be passed by reference in /var/www/html/memo/action/update.php on line 20
[16-Jul-2022 10:35:37 Asia/Tokyo] PHP Notice:  Only variables should be passed by reference in /var/www/html/memo/action/update.php on line 21
[16-Jul-2022 10:38:08 Asia/Tokyo] PHP Notice:  Only variables should be passed by reference in /var/www/html/memo/action/update.php on line 20
[16-Jul-2022 10:38:08 Asia/Tokyo] PHP Notice:  Only variables should be passed by reference in /var/www/html/memo/action/update.php on line 21
[16-Jul-2022 10:38:18 Asia/Tokyo] PHP Notice:  Only variables should be passed by reference in /var/www/html/memo/action/update.php on line 20
[16-Jul-2022 10:38:18 Asia/Tokyo] PHP Notice:  Only variables should be passed by reference in /var/www/html/memo/action/update.php on line 21
[16-Jul-2022 10:40:27 Asia/Tokyo] PHP Notice:  Only variables should be passed by reference in /var/www/html/memo/action/update.php on line 20
[16-Jul-2022 10:40:27 Asia/Tokyo] PHP Notice:  Only variables should be passed by reference in /var/www/html/memo/action/update.php on line 21
[17-Jul-2022 11:05:37 Asia/Tokyo] PHP Notice:  Only variables should be passed by reference in /var/www/html/memo/action/update.php on line 20
[17-Jul-2022 11:05:37 Asia/Tokyo] PHP Notice:  Only variables should be passed by reference in /var/www/html/memo/action/update.php on line 21
[17-Jul-2022 11:12:53 Asia/Tokyo] PHP Notice:  Only variables should be passed by reference in /var/www/html/memo/action/update.php on line 20
[17-Jul-2022 11:12:53 Asia/Tokyo] PHP Notice:  Only variables should be passed by reference in /var/www/html/memo/action/update.php on line 21
